# JRE version: OpenJDK Runtime Environment Temurin-21.0.8+9 (21.0.8+9) (build 21.0.8+9-LTS)
# Java VM: OpenJDK 64-Bit Server VM Temurin-21.0.8+9 (21.0.8+9-LTS, mixed mode, emulated-client, sharing, tiered, compressed oops, compressed class ptrs, g1 gc, windows-amd64)
GC Precious Log:
 CardTable entry size: 512
 Card Set container configuration: InlinePtr #cards 5 size 8 Array Of Cards #cards 12 size 40 Howl #buckets 4 coarsen threshold 1843 Howl Bitmap #cards 512 size 80 coarsen threshold 460 Card regions per heap region 1 cards per card region 2048
 CPUs: 8 total, 8 available
 Memory: 6086M
 Large Page Support: Disabled
 NUMA Support: Disabled
 Compressed Oops: Enabled (32-bit)
 Heap Region Size: 1M
 Heap Min Capacity: 8M
 Heap Initial Capacity: 96M
 Heap Max Capacity: 1G
 Pre-touch: Disabled
 Parallel Workers: 8
 Concurrent Workers: 2
 Concurrent Refinement Workers: 8
 Periodic GC: Disabled
Heap:
 garbage-first heap   total 167936K, used 52890K [0x00000000c0000000, 0x0000000100000000)
  region size 1024K, 5 young (5120K), 0 survivors (0K)
 Metaspace       used 73028K, committed 73984K, reserved 1114112K
  class space    used 9331K, committed 9792K, reserved 1048576K
GC Heap History (20 events):
Event: 9726.859 GC heap after
{Heap after GC invocations=604 (full 389):
 garbage-first heap   total 167936K, used 48787K [0x00000000c0000000, 0x0000000100000000)
  region size 1024K, 0 young (0K), 0 survivors (0K)
 Metaspace       used 72934K, committed 73984K, reserved 1114112K
  class space    used 9308K, committed 9792K, reserved 1048576K
}
Event: 9737.103 GC heap before
{Heap before GC invocations=604 (full 389):
 garbage-first heap   total 167936K, used 48787K [0x00000000c0000000, 0x0000000100000000)
  region size 1024K, 1 young (1024K), 0 survivors (0K)
 Metaspace       used 72934K, committed 73984K, reserved 1114112K
  class space    used 9308K, committed 9792K, reserved 1048576K
}
Event: 9737.157 GC heap after
{Heap after GC invocations=605 (full 390):
 garbage-first heap   total 167936K, used 48787K [0x00000000c0000000, 0x0000000100000000)
  region size 1024K, 0 young (0K), 0 survivors (0K)
 Metaspace       used 72934K, committed 73984K, reserved 1114112K
  class space    used 9308K, committed 9792K, reserved 1048576K
}
Event: 9747.377 GC heap before
{Heap before GC invocations=605 (full 390):
 garbage-first heap   total 167936K, used 48787K [0x00000000c0000000, 0x0000000100000000)
  region size 1024K, 1 young (1024K), 0 survivors (0K)
 Metaspace       used 72934K, committed 73984K, reserved 1114112K
  class space    used 9308K, committed 9792K, reserved 1048576K
}
Event: 9747.427 GC heap after
{Heap after GC invocations=606 (full 391):
 garbage-first heap   total 167936K, used 48787K [0x00000000c0000000, 0x0000000100000000)
  region size 1024K, 0 young (0K), 0 survivors (0K)
 Metaspace       used 72934K, committed 73984K, reserved 1114112K
  class space    used 9308K, committed 9792K, reserved 1048576K
}
Event: 9757.659 GC heap before
{Heap before GC invocations=606 (full 391):
 garbage-first heap   total 167936K, used 48787K [0x00000000c0000000, 0x0000000100000000)
  region size 1024K, 1 young (1024K), 0 survivors (0K)
 Metaspace       used 72934K, committed 73984K, reserved 1114112K
  class space    used 9308K, committed 9792K, reserved 1048576K
}
Event: 9757.714 GC heap after
{Heap after GC invocations=607 (full 392):
 garbage-first heap   total 167936K, used 48787K [0x00000000c0000000, 0x0000000100000000)
  region size 1024K, 0 young (0K), 0 survivors (0K)
 Metaspace       used 72934K, committed 73984K, reserved 1114112K
  class space    used 9308K, committed 9792K, reserved 1048576K
}
Event: 9767.962 GC heap before
{Heap before GC invocations=607 (full 392):
 garbage-first heap   total 167936K, used 48787K [0x00000000c0000000, 0x0000000100000000)
  region size 1024K, 1 young (1024K), 0 survivors (0K)
 Metaspace       used 72934K, committed 73984K, reserved 1114112K
  class space    used 9308K, committed 9792K, reserved 1048576K
}
Event: 9768.028 GC heap after
{Heap after GC invocations=608 (full 393):
 garbage-first heap   total 167936K, used 48787K [0x00000000c0000000, 0x0000000100000000)
  region size 1024K, 0 young (0K), 0 survivors (0K)
 Metaspace       used 72934K, committed 73984K, reserved 1114112K
  class space    used 9308K, committed 9792K, reserved 1048576K
}
Event: 9778.273 GC heap before
{Heap before GC invocations=608 (full 393):
 garbage-first heap   total 167936K, used 48787K [0x00000000c0000000, 0x0000000100000000)
  region size 1024K, 1 young (1024K), 0 survivors (0K)
 Metaspace       used 72934K, committed 73984K, reserved 1114112K
  class space    used 9308K, committed 9792K, reserved 1048576K
}
Event: 9778.330 GC heap after
{Heap after GC invocations=609 (full 394):
 garbage-first heap   total 167936K, used 48787K [0x00000000c0000000, 0x0000000100000000)
  region size 1024K, 0 young (0K), 0 survivors (0K)
 Metaspace       used 72934K, committed 73984K, reserved 1114112K
  class space    used 9308K, committed 9792K, reserved 1048576K
}
Event: 9788.585 GC heap before
{Heap before GC invocations=609 (full 394):
 garbage-first heap   total 167936K, used 48787K [0x00000000c0000000, 0x0000000100000000)
  region size 1024K, 1 young (1024K), 0 survivors (0K)
 Metaspace       used 72934K, committed 73984K, reserved 1114112K
  class space    used 9308K, committed 9792K, reserved 1048576K
}
Event: 9788.640 GC heap after
{Heap after GC invocations=610 (full 395):
 garbage-first heap   total 167936K, used 48787K [0x00000000c0000000, 0x0000000100000000)
  region size 1024K, 0 young (0K), 0 survivors (0K)
 Metaspace       used 72934K, committed 73984K, reserved 1114112K
  class space    used 9308K, committed 9792K, reserved 1048576K
}
Event: 9798.871 GC heap before
{Heap before GC invocations=610 (full 395):
 garbage-first heap   total 167936K, used 48787K [0x00000000c0000000, 0x0000000100000000)
  region size 1024K, 1 young (1024K), 0 survivors (0K)
 Metaspace       used 72934K, committed 73984K, reserved 1114112K
  class space    used 9308K, committed 9792K, reserved 1048576K
}
Event: 9798.925 GC heap after
{Heap after GC invocations=611 (full 396):
 garbage-first heap   total 167936K, used 48787K [0x00000000c0000000, 0x0000000100000000)
  region size 1024K, 0 young (0K), 0 survivors (0K)
 Metaspace       used 72934K, committed 73984K, reserved 1114112K
  class space    used 9308K, committed 9792K, reserved 1048576K
}
Event: 9809.120 GC heap before
{Heap before GC invocations=611 (full 396):
 garbage-first heap   total 167936K, used 48787K [0x00000000c0000000, 0x0000000100000000)
  region size 1024K, 1 young (1024K), 0 survivors (0K)
 Metaspace       used 72934K, committed 73984K, reserved 1114112K
  class space    used 9308K, committed 9792K, reserved 1048576K
}
Event: 9809.175 GC heap after
{Heap after GC invocations=612 (full 397):
 garbage-first heap   total 167936K, used 48787K [0x00000000c0000000, 0x0000000100000000)
  region size 1024K, 0 young (0K), 0 survivors (0K)
 Metaspace       used 72934K, committed 73984K, reserved 1114112K
  class space    used 9308K, committed 9792K, reserved 1048576K
}
Event: 9819.360 GC heap before
{Heap before GC invocations=612 (full 397):
 garbage-first heap   total 167936K, used 48787K [0x00000000c0000000, 0x0000000100000000)
  region size 1024K, 1 young (1024K), 0 survivors (0K)
 Metaspace       used 72944K, committed 73984K, reserved 1114112K
  class space    used 9310K, committed 9792K, reserved 1048576K
}
Event: 9819.407 GC heap after
{Heap after GC invocations=613 (full 398):
 garbage-first heap   total 167936K, used 48794K [0x00000000c0000000, 0x0000000100000000)
  region size 1024K, 0 young (0K), 0 survivors (0K)
 Metaspace       used 72944K, committed 73984K, reserved 1114112K
  class space    used 9310K, committed 9792K, reserved 1048576K
}
Event: 9899.886 GC heap before
{Heap before GC invocations=613 (full 398):
 garbage-first heap   total 167936K, used 52890K [0x00000000c0000000, 0x0000000100000000)
  region size 1024K, 5 young (5120K), 0 survivors (0K)
 Metaspace       used 73028K, committed 73984K, reserved 1114112K
  class space    used 9331K, committed 9792K, reserved 1048576K
}

